#
# A fatal error has been detected by the Java Runtime Environment:
#
#  EXCEPTION_ACCESS_VIOLATION (0xc0000005) at pc=0x00007ff95a2826c4, pid=23540, tid=13200
#
# JRE version: Java(TM) SE Runtime Environment (24.0.1+9) (build 24.0.1+9-30)
# Java VM: Java HotSpot(TM) 64-Bit Server VM (24.0.1+9-30, mixed mode, sharing, tiered, compressed oops, compressed class ptrs, g1 gc, windows-amd64)
# Problematic frame:
# C  [libasyncProfiler.dll+0x926c4]
#
# No core dump will be written. Minidumps are not enabled by default on client versions of Windows
#
# JFR recording file will be written. Location: C:\Users\Minh Triet\Desktop\Play_With_AI\hs_err_pid23540.jfr
#
# If you would like to submit a bug report, please visit:
#   https://bugreport.java.com/bugreport/crash.jsp
# The crash happened outside the Java Virtual Machine in native code.
# See problematic frame for where to report the bug.
#

---------------  S U M M A R Y ------------

Command Line: -javaagent:C:\Program Files\JetBrains\IntelliJ IDEA 2025.1.2\lib\idea_rt.jar=52794 -agentpath:C:\Users\MINHTR~1\AppData\Local\Temp\idea_libasyncProfiler_dll_temp_folder110270\libasyncProfiler.dll=start,jfr,event=wall,interval=10ms,jfrsync=profile,cstack=no,file=C:\Users\Minh Triet\IdeaSnapshots\Main_2026_01_16_091847.jfr,dbghelppath=C:\Users\MINHTR~1\AppData\Local\Temp\idea_dbghelp_dll_temp_folder\dbghelp.dll,log=C:\Users\MINHTR~1\AppData\Local\Temp\Main_2026_01_16_091847.jfr.log.txt,logLevel=DEBUG -Dfile.encoding=UTF-8 -Dsun.stdout.encoding=UTF-8 -Dsun.stderr.encoding=UTF-8 com.minhtriet.Main

Host: 11th Gen Intel(R) Core(TM) i7-11800H @ 2.30GHz, 16 cores, 15G,  Windows 10 , 64 bit Build 19041 (10.0.19041.5915)
Time: Fri Jan 16 09:18:48 2026 SE Asia Standard Time elapsed time: 0.437892 seconds (0d 0h 0m 0s)

---------------  T H R E A D  ---------------

Current thread (0x00000200d13b3000):  JavaThread "main"             [_thread_in_native, id=13200, stack(0x00000096a6300000,0x00000096a6400000) (1024K)]

Stack: [0x00000096a6300000,0x00000096a6400000],  sp=0x00000096a63fe9b0,  free space=1018k
Native frames: (J=compiled Java code, j=interpreted, Vv=VM code, C=native code)
C  [libasyncProfiler.dll+0x926c4]  (no source info available)
C  [libasyncProfiler.dll+0x92b9b]  (no source info available)
C  [libasyncProfiler.dll+0x917f4]  (no source info available)
C  [libasyncProfiler.dll+0x9206a]  (no source info available)
C  [libasyncProfiler.dll+0x8cc21]  (no source info available)
C  [libasyncProfiler.dll+0x7e5e1]  (no source info available)
C  [libasyncProfiler.dll+0x7d2f8]  (no source info available)
C  [libasyncProfiler.dll+0x7d1e0]  (no source info available)
C  [libasyncProfiler.dll+0x832fc]  (no source info available)
V  [jvm.dll+0x5e38de]  (no source info available)
V  [jvm.dll+0x886056]  (no source info available)
V  [jvm.dll+0x495f3e]  (no source info available)
V  [jvm.dll+0x497d11]  (no source info available)
C  [jli.dll+0x52a1]  (no source info available)
C  [ucrtbase.dll+0x21bb2]  (no source info available)
C  [KERNEL32.DLL+0x17374]  (no source info available)
C  [ntdll.dll+0x4cc91]  (no source info available)


siginfo: EXCEPTION_ACCESS_VIOLATION (0xc0000005), reading address 0xffffffffffffffff


Registers:
RAX=0x0000000000000010, RBX=0x0000000000000000, RCX=0xffffffffffffffff, RDX=0x007ff8f7e1301010
RSP=0x00000096a63fe9b0, RBP=0x00000200c1509230, RSI=0x00000096a63feb20, RDI=0x00000200c1509230
R8 =0x0000000000000042, R9 =0x0000000714401ed8, R10=0x00007ff8f8089fb0, R11=0x0000000000000002
R12=0x00000096a63feb20, R13=0x00000200d1839430, R14=0x00000200d13b33c8, R15=0x00000200d13b33c8
RIP=0x00007ff95a2826c4, EFLAGS=0x0000000000010202

XMM[0]=0x0000000000000000 0x0000000000000000
XMM[1]=0x0000000000000000 0x0000000000000000
XMM[2]=0x0000000000000000 0x0000000000000000
XMM[3]=0x0000000000000000 0x0000000000000000
XMM[4]=0x0000000000000000 0x0000000000000000
XMM[5]=0x0000000000000000 0x0000000000000000
XMM[6]=0x0000000000000000 0x0000000000000000
XMM[7]=0x0000000000000000 0x0000000000000000
XMM[8]=0x0000000000000000 0x0000000000000000
XMM[9]=0x0000000000000000 0x0000000000000000
XMM[10]=0x0000000000000000 0x0000000000000000
XMM[11]=0x0000000000000000 0x0000000000000000
XMM[12]=0x0000000000000000 0x0000000000000000
XMM[13]=0x0000000000000000 0x0000000000000000
XMM[14]=0x0000000000000000 0x0000000000000000
XMM[15]=0x0000000000000000 0x0000000000000000
  MXCSR=0x00001fa0


Register to memory mapping:

RAX=0x0000000000000010 is an unknown value
RBX=0x0 is null
RCX=0xffffffffffffffff is an unknown value
RDX=0x007ff8f7e1301010 is an unknown value
RSP=0x00000096a63fe9b0 is pointing into the stack for thread: 0x00000200d13b3000
RBP=0x00000200c1509230 points into unknown readable memory: 0x0000000714401ed8 | d8 1e 40 14 07 00 00 00
RSI=0x00000096a63feb20 is pointing into the stack for thread: 0x00000200d13b3000
RDI=0x00000200c1509230 points into unknown readable memory: 0x0000000714401ed8 | d8 1e 40 14 07 00 00 00
R8 =0x0000000000000042 is an unknown value
R9 =0x0000000714401ed8 is an oop: java.lang.Thread 
{0x0000000714401ed8} - klass: 'java/lang/Thread' - flags: 

 - ---- fields (total size 14 words):
 - 'threadLocalRandomProbe' 'I' @12  0 (0x00000000)
 - private volatile 'eetop' 'J' @16  2202533572608 (0x00000200d13b3000)
 - private final 'tid' 'J' @24  3 (0x0000000000000003)
 - 'threadLocalRandomSeed' 'J' @32  0 (0x0000000000000000)
 - injected 'jvmti_thread_state' 'J' @40  2202501649136 (0x00000200cf5412f0)
 - 'threadLocalRandomSecondarySeed' 'I' @48  0 (0x00000000)
 - injected 'jvmti_VTMS_transition_disable_count' 'I' @52  0 (0x00000000)
 - injected 'jfr_epoch' 'S' @56  0 (0x0000)
 - volatile 'interrupted' 'Z' @58  false (0x00)
 - injected 'jvmti_is_in_VTMS_transition' 'Z' @59  false (0x00)
 - private volatile 'name' 'Ljava/lang/String;' @60  "main"{0x0000000714401f48} (0xe28803e9)
 - private volatile 'contextClassLoader' 'Ljava/lang/ClassLoader;' @64  a 'jdk/internal/loader/ClassLoaders$AppClassLoader'{0x0000000714421ff0} (0xe28843fe)
 - private final 'holder' 'Ljava/lang/Thread$FieldHolder;' @68  a 'java/lang/Thread$FieldHolder'{0x0000000714401f88} (0xe28803f1)
 - 'threadLocals' 'Ljava/lang/ThreadLocal$ThreadLocalMap;' @72  a 'java/lang/ThreadLocal$ThreadLocalMap'{0x0000000714340198} (0xe2868033)
 - 'inheritableThreadLocals' 'Ljava/lang/ThreadLocal$ThreadLocalMap;' @76  null (0x00000000)
 - private 'scopedValueBindings' 'Ljava/lang/Object;' @80  a 'java/lang/Class'{0x00000007ffe7c890} = 'java/lang/Thread' (0xfffcf912)
 - final 'interruptLock' 'Ljava/lang/Object;' @84  a 'java/lang/Object'{0x0000000714401f78} (0xe28803ef)
 - private volatile 'parkBlocker' 'Ljava/lang/Object;' @88  null (0x00000000)
 - private 'nioBlocker' 'Lsun/nio/ch/Interruptible;' @92  null (0x00000000)
 - private 'cont' 'Ljdk/internal/vm/Continuation;' @96  null (0x00000000)
 - private volatile 'uncaughtExceptionHandler' 'Ljava/lang/Thread$UncaughtExceptionHandler;' @100  null (0x00000000)
 - private 'container' 'Ljdk/internal/vm/ThreadContainer;' @104  null (0x00000000)
 - private volatile 'headStackableScopes' 'Ljdk/internal/vm/StackableScope;' @108  null (0x00000000)
R10=0x00007ff8f8089fb0 jvm.dll
R11=0x0000000000000002 is an unknown value
R12=0x00000096a63feb20 is pointing into the stack for thread: 0x00000200d13b3000
R13=0x00000200d1839430 points into unknown readable memory: 0x00007ff8f7ffa510 | 10 a5 ff f7 f8 7f 00 00
R14=0x00000200d13b33c8 points into unknown readable memory: 0x00007ff8f7ff17b0 | b0 17 ff f7 f8 7f 00 00
R15=0x00000200d13b33c8 points into unknown readable memory: 0x00007ff8f7ff17b0 | b0 17 ff f7 f8 7f 00 00

Top of Stack: (sp=0x00000096a63fe9b0)
0x00000096a63fe9b0:   00000096a63feb20 00000200c1509230    .?.....0.P.....
0x00000096a63fe9c0:   0000000000000000 00000200d13b3750   ........P7;.....
0x00000096a63fe9d0:   000000000000001f 00007ff95a282b9b   .........+(Z....
0x00000096a63fe9e0:   0000000000000000 00000200d13b33c8   .........3;.....
0x00000096a63fe9f0:   00000096a63feb01 0000000000000000   ..?.............
0x00000096a63fea00:   00000200c632c0c0 00007ff95a2817f4   ..2.......(Z....
0x00000096a63fea10:   0000000000000000 000000000000001f   ................
0x00000096a63fea20:   0000000000000000 000000000000001f   ................
0x00000096a63fea30:   0000000900000000 00000200c637ac30   ........0.7.....
0x00000096a63fea40:   00000200c632c0c0 00000200c632c13c   ..2.....<.2.....
0x00000096a63fea50:   00000200c632c168 0000020000002808   h.2......(......
0x00000096a63fea60:   0000000000000000 0000000000000000   ................
0x00000096a63fea70:   0000000000000000 00007ff8f78557d4   .........W......
0x00000096a63fea80:   00007ff95a3c4ca0 0000000000005bf4   .L<Z.....[......
0x00000096a63fea90:   00007ff95a3c4ca0 00000000ffffffff   .L<Z............
0x00000096a63feaa0:   0000000000000000 00007ff95a28206a   ........j (Z....
0x00000096a63feab0:   00000200d13b33c8 0000000000000000   .3;.............
0x00000096a63feac0:   00000096a63feb29 00000200d1839430   ).?.....0.......
0x00000096a63fead0:   00000200c1ea8040 0000000000000000   @...............
0x00000096a63feae0:   0000000000000000 00007ff95a36f108   ..........6Z....
0x00000096a63feaf0:   00000200d13b33c8 00007ff95a3c4ca0   .3;......L<Z....
0x00000096a63feb00:   0000000000100000 0000000000001000   ................
0x00000096a63feb10:   00000096a63fecb8 00000200d13b33c8   ..?......3;.....
0x00000096a63feb20:   00000200c6f93ca0 00000200c6f94080   .<.......@......
0x00000096a63feb30:   00000200c6f94080 00007ff95a3c4ca0   .@.......L<Z....
0x00000096a63feb40:   00000096a63fecb8 00000200cf530000   ..?.......S.....
0x00000096a63feb50:   00000096a63fedf0 0000000000008840   ..?.....@.......
0x00000096a63feb60:   00007ff95a3b7080 00007ff95a3c4cf0   .p;Z.....L<Z....
0x00000096a63feb70:   0000000000989680 0000000000989680   ................
0x00000096a63feb80:   00000096a63fec90 00007ff95a27cc21   ..?.....!.'Z....
0x00000096a63feb90:   00007ff95a3c4ca0 00007ff95a3c4cf8   .L<Z.....L<Z....
0x00000096a63feba0:   00007ff900000000 00007ff900000001   ................

Instructions: (pc=0x00007ff95a2826c4)
  0x00007ff95a2825c4:   cc cc cc cc cc cc cc cc cc cc cc cc cc cc cc cc
  0x00007ff95a2825d4:   cc cc cc cc cc cc cc cc cc cc cc cc cc cc cc cc
  0x00007ff95a2825e4:   cc cc cc cc cc cc cc cc cc cc cc cc cc cc cc cc
  0x00007ff95a2825f4:   cc cc cc cc cc cc cc cc cc cc cc cc cc cc cc cc
  0x00007ff95a282604:   cc cc cc cc cc cc cc cc cc cc cc cc cc cc cc cc
  0x00007ff95a282614:   cc cc cc cc cc cc cc cc cc cc cc cc cc cc cc cc
  0x00007ff95a282624:   cc cc cc cc cc cc cc cc cc cc cc cc cc cc cc cc
  0x00007ff95a282634:   cc cc cc cc cc cc cc cc cc cc cc cc cc cc cc cc
  0x00007ff95a282644:   cc cc cc cc cc cc cc cc cc cc cc cc 40 57 48 83
  0x00007ff95a282654:   ec 20 48 8b f9 48 8b 0d 10 28 14 00 48 85 c9 74
  0x00007ff95a282664:   20 48 8b 01 48 8d 54 24 38 41 b8 06 00 01 00 4c
  0x00007ff95a282674:   8b 48 30 41 ff d1 85 c0 75 07 48 8b 4c 24 38 eb
  0x00007ff95a282684:   02 33 c9 4c 8b 05 ea 28 14 00 48 89 5c 24 30 4d
  0x00007ff95a282694:   85 c0 74 4a 48 8b 01 48 8b d7 4c 8b 88 28 03 00
  0x00007ff95a2826a4:   00 41 ff d1 48 85 c0 74 35 48 63 0d f8 e6 13 00
  0x00007ff95a2826b4:   48 8b 14 01 48 85 d2 74 15 48 63 05 fc e6 13 00
=>0x00007ff95a2826c4:   8b 04 10 48 8b 5c 24 30 48 83 c4 20 5f c3 b8 ff
  0x00007ff95a2826d4:   ff ff ff 48 8b 5c 24 30 48 83 c4 20 5f c3 80 3d
  0x00007ff95a2826e4:   9b 27 14 00 00 bb ff ff ff ff 74 20 4c 8b 0d 31
  0x00007ff95a2826f4:   24 14 00 4c 8d 44 24 38 48 8b 0d 15 24 14 00 48
  0x00007ff95a282704:   8b d7 41 ff d1 85 c0 0f 44 5c 24 38 8b c3 48 8b
  0x00007ff95a282714:   5c 24 30 48 83 c4 20 5f c3 cc cc cc cc cc cc cc
  0x00007ff95a282724:   cc cc cc cc cc cc cc cc cc cc cc cc cc cc cc cc
  0x00007ff95a282734:   cc cc cc cc cc cc cc cc cc cc cc cc cc cc cc cc
  0x00007ff95a282744:   cc cc cc cc cc cc cc cc cc cc cc cc 48 89 54 24
  0x00007ff95a282754:   10 53 55 56 57 41 56 41 57 48 83 ec 28 48 8b f2
  0x00007ff95a282764:   4c 8b f1 48 89 4c 24 78 45 33 ff 44 89 7c 24 68
  0x00007ff95a282774:   c7 44 24 60 01 00 00 00 48 8d 4c 24 68 e8 ed 42
  0x00007ff95a282784:   f7 ff 8b d8 48 8d 4c 24 60 e8 e1 42 f7 ff 8b e8
  0x00007ff95a282794:   49 8b ce e8 00 fc f6 ff 48 8b f8 90 8b c3 f0 0f
  0x00007ff95a2827a4:   b1 2f 74 04 f3 90 eb f4 4c 89 3e 4c 89 7e 08 4c
  0x00007ff95a2827b4:   89 7e 10 49 8b 6e 08 4d 8b 76 10 49 3b ee 0f 84


Stack slot to memory mapping:

stack at sp + 0 slots: 0x00000096a63feb20 is pointing into the stack for thread: 0x00000200d13b3000
stack at sp + 1 slots: 0x00000200c1509230 points into unknown readable memory: 0x0000000714401ed8 | d8 1e 40 14 07 00 00 00
stack at sp + 2 slots: 0x0 is null
stack at sp + 3 slots: 0x00000200d13b3750 points into unknown readable memory: 0x6e616c2e6176616a | 6a 61 76 61 2e 6c 61 6e
stack at sp + 4 slots: 0x000000000000001f is an unknown value
stack at sp + 5 slots: 0x00007ff95a282b9b libasyncProfiler.dll
stack at sp + 6 slots: 0x0 is null
stack at sp + 7 slots: 0x00000200d13b33c8 points into unknown readable memory: 0x00007ff8f7ff17b0 | b0 17 ff f7 f8 7f 00 00

Lock stack of current Java thread (top to bottom):


---------------  P R O C E S S  ---------------

Threads class SMR info:
_java_thread_list=0x00000200c636c2a0, length=24, elements={
0x00000200d13b3000, 0x00000200c10f8ab0, 0x00000200c10fa300, 0x00000200c1102c60,
0x00000200c1103dd0, 0x00000200c110ab10, 0x00000200c110eab0, 0x00000200c1118360,
0x00000200c1125000, 0x00000200c1225900, 0x00000200c122c850, 0x00000200c12666e0,
0x00000200c110c620, 0x00000200c13c55c0, 0x00000200c110bed0, 0x00000200c1bc4b90,
0x00000200c110cd70, 0x00000200c628f4b0, 0x00000200c6290460, 0x00000200c110d4c0,
0x00000200c110e360, 0x00000200c72c4b20, 0x00000200c72c6110, 0x00000200c72c6fb0
}

Java Threads: ( => current thread )
=>0x00000200d13b3000 JavaThread "main"                              [_thread_in_native, id=13200, stack(0x00000096a6300000,0x00000096a6400000) (1024K)]
  0x00000200c10f8ab0 JavaThread "Reference Handler"          daemon [_thread_blocked, id=10108, stack(0x00000096a6b00000,0x00000096a6c00000) (1024K)]
  0x00000200c10fa300 JavaThread "Finalizer"                  daemon [_thread_blocked, id=23116, stack(0x00000096a6c00000,0x00000096a6d00000) (1024K)]
  0x00000200c1102c60 JavaThread "Signal Dispatcher"          daemon [_thread_blocked, id=9036, stack(0x00000096a6d00000,0x00000096a6e00000) (1024K)]
  0x00000200c1103dd0 JavaThread "Attach Listener"            daemon [_thread_blocked, id=19400, stack(0x00000096a6e00000,0x00000096a6f00000) (1024K)]
  0x00000200c110ab10 JavaThread "Service Thread"             daemon [_thread_blocked, id=5624, stack(0x00000096a6f00000,0x00000096a7000000) (1024K)]
  0x00000200c110eab0 JavaThread "Monitor Deflation Thread"   daemon [_thread_blocked, id=21144, stack(0x00000096a7000000,0x00000096a7100000) (1024K)]
  0x00000200c1118360 JavaThread "C2 CompilerThread0"         daemon [_thread_blocked, id=23004, stack(0x00000096a7100000,0x00000096a7200000) (1024K)]
  0x00000200c1125000 JavaThread "C1 CompilerThread0"         daemon [_thread_in_native, id=19756, stack(0x00000096a7200000,0x00000096a7300000) (1024K)]
  0x00000200c1225900 JavaThread "C1 CompilerThread1"         daemon [_thread_in_native, id=20688, stack(0x00000096a7300000,0x00000096a7400000) (1024K)]
  0x00000200c122c850 JavaThread "C1 CompilerThread2"         daemon [_thread_in_native, id=10752, stack(0x00000096a7400000,0x00000096a7500000) (1024K)]
  0x00000200c12666e0 JavaThread "C1 CompilerThread3"         daemon [_thread_in_native, id=19144, stack(0x00000096a7500000,0x00000096a7600000) (1024K)]
  0x00000200c110c620 JavaThread "Common-Cleaner"             daemon [_thread_blocked, id=8288, stack(0x00000096a7600000,0x00000096a7700000) (1024K)]
  0x00000200c13c55c0 JavaThread "C2 CompilerThread1"         daemon [_thread_blocked, id=14728, stack(0x00000096a7700000,0x00000096a7800000) (1024K)]
  0x00000200c110bed0 JavaThread "Monitor Ctrl-Break"         daemon [_thread_in_native, id=16880, stack(0x00000096a7800000,0x00000096a7900000) (1024K)]
  0x00000200c1bc4b90 JavaThread "C2 CompilerThread2"         daemon [_thread_blocked, id=8520, stack(0x00000096a7900000,0x00000096a7a00000) (1024K)]
  0x00000200c110cd70 JavaThread "JFR Recorder Thread"        daemon [_thread_in_native, id=20676, stack(0x00000096a7a00000,0x00000096a7b00000) (1024K)]
  0x00000200c628f4b0 JavaThread "C2 CompilerThread3"         daemon [_thread_blocked, id=18808, stack(0x00000096a7b00000,0x00000096a7c00000) (1024K)]
  0x00000200c6290460 JavaThread "C2 CompilerThread4"         daemon [_thread_blocked, id=32, stack(0x00000096a7c00000,0x00000096a7d00000) (1024K)]
  0x00000200c110d4c0 JavaThread "JFR Periodic Tasks"         daemon [_thread_blocked, id=10248, stack(0x00000096a7d00000,0x00000096a7e00000) (1024K)]
  0x00000200c110e360 JavaThread "RMI TCP Accept-0"           daemon [_thread_in_native, id=5360, stack(0x00000096a7e00000,0x00000096a7f00000) (1024K)]
  0x00000200c72c4b20 JavaThread "RMI TCP Connection(1)-192.168.220.1" daemon [_thread_in_vm, id=25384, stack(0x00000096a7f00000,0x00000096a8000000) (1024K)]
  0x00000200c72c6110 JavaThread "RMI Scheduler(0)"           daemon [_thread_blocked, id=3556, stack(0x00000096a8000000,0x00000096a8100000) (1024K)]
  0x00000200c72c6fb0 JavaThread "JMX server connection timeout 42" daemon [_thread_blocked, id=10252, stack(0x00000096a8100000,0x00000096a8200000) (1024K)]
Total: 24

Other Threads:
  0x00000200c10e8db0 VMThread "VM Thread"                           [id=11468, stack(0x00000096a6a00000,0x00000096a6b00000) (1024K)]
  0x00000200d155a7b0 WatcherThread "VM Periodic Task Thread"        [id=10780, stack(0x00000096a6900000,0x00000096a6a00000) (1024K)]
  0x00000200d141cfe0 WorkerThread "GC Thread#0"                     [id=23356, stack(0x00000096a6400000,0x00000096a6500000) (1024K)]
  0x00000200d1431a50 ConcurrentGCThread "G1 Main Marker"            [id=15772, stack(0x00000096a6500000,0x00000096a6600000) (1024K)]
  0x00000200d1432900 WorkerThread "G1 Conc#0"                       [id=3980, stack(0x00000096a6600000,0x00000096a6700000) (1024K)]
  0x00000200d14f5e60 ConcurrentGCThread "G1 Refine#0"               [id=20972, stack(0x00000096a6700000,0x00000096a6800000) (1024K)]
  0x00000200d14f69e0 ConcurrentGCThread "G1 Service"                [id=15464, stack(0x00000096a6800000,0x00000096a6900000) (1024K)]
Total: 7

Threads with active compile tasks:
Total: 0

VM state: not at safepoint (normal execution)

VM Mutex/Monitor currently owned by a thread: None

Heap address: 0x0000000704a00000, size: 4022 MB, Compressed Oops mode: Zero based, Oop shift amount: 3

CDS archive(s) mapped at: [0x0000020080000000-0x0000020080d40000-0x0000020080d40000), size 13893632, SharedBaseAddress: 0x0000020080000000, ArchiveRelocationMode: 1.
Compressed class space mapped at: 0x0000020081000000-0x00000200c1000000, reserved size: 1073741824
UseCompressedClassPointers 1, UseCompactObjectHeaders 0
Narrow klass pointer bits 32, Max shift 3
Narrow klass base: 0x0000020080000000, Narrow klass shift: 0
Encoding Range: [0x0000020080000000 - 0x0000020180000000), (4294967296 bytes)
Klass Range:    [0x0000020080000000 - 0x00000200c1000000), (1090519040 bytes)
Klass ID Range:  [8 - 1090519033) (1090519025)

GC Precious Log:
 CardTable entry size: 512
 Card Set container configuration: InlinePtr #cards 4 size 8 Array Of Cards #cards 16 size 48 Howl #buckets 8 coarsen threshold 3686 Howl Bitmap #cards 512 size 80 coarsen threshold 460 Card regions per heap region 1 cards per card region 4096
 CPUs: 16 total, 16 available
 Memory: 16085M
 Large Page Support: Disabled
 NUMA Support: Disabled
 Compressed Oops: Enabled (Zero based)
 Heap Region Size: 2M
 Heap Min Capacity: 8M
 Heap Initial Capacity: 252M
 Heap Max Capacity: 4022M
 Pre-touch: Disabled
 Parallel Workers: 13
 Concurrent Workers: 3
 Concurrent Refinement Workers: 13
 Periodic GC: Disabled

Heap:
 garbage-first heap   total reserved 4118528K, committed 260096K, used 33908K [0x0000000704a00000, 0x0000000800000000)
  region size 2048K, 17 young (34816K), 0 survivors (0K)
 Metaspace       used 7820K, committed 8064K, reserved 1114112K
  class space    used 722K, committed 832K, reserved 1048576K

Heap Regions: E=young(eden), S=young(survivor), O=old, HS=humongous(starts), HC=humongous(continues), CS=collection set, F=free, TAMS=top-at-mark-start, PB=parsable bottom
|   0|0x0000000704a00000, 0x0000000704a00000, 0x0000000704c00000|  0%| F|  |TAMS 0x0000000704a00000| PB 0x0000000704a00000| Untracked |  0
|   1|0x0000000704c00000, 0x0000000704c00000, 0x0000000704e00000|  0%| F|  |TAMS 0x0000000704c00000| PB 0x0000000704c00000| Untracked |  0
|   2|0x0000000704e00000, 0x0000000704e00000, 0x0000000705000000|  0%| F|  |TAMS 0x0000000704e00000| PB 0x0000000704e00000| Untracked |  0
|   3|0x0000000705000000, 0x0000000705000000, 0x0000000705200000|  0%| F|  |TAMS 0x0000000705000000| PB 0x0000000705000000| Untracked |  0
|   4|0x0000000705200000, 0x0000000705200000, 0x0000000705400000|  0%| F|  |TAMS 0x0000000705200000| PB 0x0000000705200000| Untracked |  0
|   5|0x0000000705400000, 0x0000000705400000, 0x0000000705600000|  0%| F|  |TAMS 0x0000000705400000| PB 0x0000000705400000| Untracked |  0
|   6|0x0000000705600000, 0x0000000705600000, 0x0000000705800000|  0%| F|  |TAMS 0x0000000705600000| PB 0x0000000705600000| Untracked |  0
|   7|0x0000000705800000, 0x0000000705800000, 0x0000000705a00000|  0%| F|  |TAMS 0x0000000705800000| PB 0x0000000705800000| Untracked |  0
|   8|0x0000000705a00000, 0x0000000705a00000, 0x0000000705c00000|  0%| F|  |TAMS 0x0000000705a00000| PB 0x0000000705a00000| Untracked |  0
|   9|0x0000000705c00000, 0x0000000705c00000, 0x0000000705e00000|  0%| F|  |TAMS 0x0000000705c00000| PB 0x0000000705c00000| Untracked |  0
|  10|0x0000000705e00000, 0x0000000705e00000, 0x0000000706000000|  0%| F|  |TAMS 0x0000000705e00000| PB 0x0000000705e00000| Untracked |  0
|  11|0x0000000706000000, 0x0000000706000000, 0x0000000706200000|  0%| F|  |TAMS 0x0000000706000000| PB 0x0000000706000000| Untracked |  0
|  12|0x0000000706200000, 0x0000000706200000, 0x0000000706400000|  0%| F|  |TAMS 0x0000000706200000| PB 0x0000000706200000| Untracked |  0
|  13|0x0000000706400000, 0x0000000706400000, 0x0000000706600000|  0%| F|  |TAMS 0x0000000706400000| PB 0x0000000706400000| Untracked |  0
|  14|0x0000000706600000, 0x0000000706600000, 0x0000000706800000|  0%| F|  |TAMS 0x0000000706600000| PB 0x0000000706600000| Untracked |  0
|  15|0x0000000706800000, 0x0000000706800000, 0x0000000706a00000|  0%| F|  |TAMS 0x0000000706800000| PB 0x0000000706800000| Untracked |  0
|  16|0x0000000706a00000, 0x0000000706a00000, 0x0000000706c00000|  0%| F|  |TAMS 0x0000000706a00000| PB 0x0000000706a00000| Untracked |  0
|  17|0x0000000706c00000, 0x0000000706c00000, 0x0000000706e00000|  0%| F|  |TAMS 0x0000000706c00000| PB 0x0000000706c00000| Untracked |  0
|  18|0x0000000706e00000, 0x0000000706e00000, 0x0000000707000000|  0%| F|  |TAMS 0x0000000706e00000| PB 0x0000000706e00000| Untracked |  0
|  19|0x0000000707000000, 0x0000000707000000, 0x0000000707200000|  0%| F|  |TAMS 0x0000000707000000| PB 0x0000000707000000| Untracked |  0
|  20|0x0000000707200000, 0x0000000707200000, 0x0000000707400000|  0%| F|  |TAMS 0x0000000707200000| PB 0x0000000707200000| Untracked |  0
|  21|0x0000000707400000, 0x0000000707400000, 0x0000000707600000|  0%| F|  |TAMS 0x0000000707400000| PB 0x0000000707400000| Untracked |  0
|  22|0x0000000707600000, 0x0000000707600000, 0x0000000707800000|  0%| F|  |TAMS 0x0000000707600000| PB 0x0000000707600000| Untracked |  0
|  23|0x0000000707800000, 0x0000000707800000, 0x0000000707a00000|  0%| F|  |TAMS 0x0000000707800000| PB 0x0000000707800000| Untracked |  0
|  24|0x0000000707a00000, 0x0000000707a00000, 0x0000000707c00000|  0%| F|  |TAMS 0x0000000707a00000| PB 0x0000000707a00000| Untracked |  0
|  25|0x0000000707c00000, 0x0000000707c00000, 0x0000000707e00000|  0%| F|  |TAMS 0x0000000707c00000| PB 0x0000000707c00000| Untracked |  0
|  26|0x0000000707e00000, 0x0000000707e00000, 0x0000000708000000|  0%| F|  |TAMS 0x0000000707e00000| PB 0x0000000707e00000| Untracked |  0
|  27|0x0000000708000000, 0x0000000708000000, 0x0000000708200000|  0%| F|  |TAMS 0x0000000708000000| PB 0x0000000708000000| Untracked |  0
|  28|0x0000000708200000, 0x0000000708200000, 0x0000000708400000|  0%| F|  |TAMS 0x0000000708200000| PB 0x0000000708200000| Untracked |  0
|  29|0x0000000708400000, 0x0000000708400000, 0x0000000708600000|  0%| F|  |TAMS 0x0000000708400000| PB 0x0000000708400000| Untracked |  0
|  30|0x0000000708600000, 0x0000000708600000, 0x0000000708800000|  0%| F|  |TAMS 0x0000000708600000| PB 0x0000000708600000| Untracked |  0
|  31|0x0000000708800000, 0x0000000708800000, 0x0000000708a00000|  0%| F|  |TAMS 0x0000000708800000| PB 0x0000000708800000| Untracked |  0
|  32|0x0000000708a00000, 0x0000000708a00000, 0x0000000708c00000|  0%| F|  |TAMS 0x0000000708a00000| PB 0x0000000708a00000| Untracked |  0
|  33|0x0000000708c00000, 0x0000000708c00000, 0x0000000708e00000|  0%| F|  |TAMS 0x0000000708c00000| PB 0x0000000708c00000| Untracked |  0
|  34|0x0000000708e00000, 0x0000000708e00000, 0x0000000709000000|  0%| F|  |TAMS 0x0000000708e00000| PB 0x0000000708e00000| Untracked |  0
|  35|0x0000000709000000, 0x0000000709000000, 0x0000000709200000|  0%| F|  |TAMS 0x0000000709000000| PB 0x0000000709000000| Untracked |  0
|  36|0x0000000709200000, 0x0000000709200000, 0x0000000709400000|  0%| F|  |TAMS 0x0000000709200000| PB 0x0000000709200000| Untracked |  0
|  37|0x0000000709400000, 0x0000000709400000, 0x0000000709600000|  0%| F|  |TAMS 0x0000000709400000| PB 0x0000000709400000| Untracked |  0
|  38|0x0000000709600000, 0x0000000709600000, 0x0000000709800000|  0%| F|  |TAMS 0x0000000709600000| PB 0x0000000709600000| Untracked |  0
|  39|0x0000000709800000, 0x0000000709800000, 0x0000000709a00000|  0%| F|  |TAMS 0x0000000709800000| PB 0x0000000709800000| Untracked |  0
|  40|0x0000000709a00000, 0x0000000709a00000, 0x0000000709c00000|  0%| F|  |TAMS 0x0000000709a00000| PB 0x0000000709a00000| Untracked |  0
|  41|0x0000000709c00000, 0x0000000709c00000, 0x0000000709e00000|  0%| F|  |TAMS 0x0000000709c00000| PB 0x0000000709c00000| Untracked |  0
|  42|0x0000000709e00000, 0x0000000709e00000, 0x000000070a000000|  0%| F|  |TAMS 0x0000000709e00000| PB 0x0000000709e00000| Untracked |  0
|  43|0x000000070a000000, 0x000000070a000000, 0x000000070a200000|  0%| F|  |TAMS 0x000000070a000000| PB 0x000000070a000000| Untracked |  0
|  44|0x000000070a200000, 0x000000070a200000, 0x000000070a400000|  0%| F|  |TAMS 0x000000070a200000| PB 0x000000070a200000| Untracked |  0
|  45|0x000000070a400000, 0x000000070a400000, 0x000000070a600000|  0%| F|  |TAMS 0x000000070a400000| PB 0x000000070a400000| Untracked |  0
|  46|0x000000070a600000, 0x000000070a600000, 0x000000070a800000|  0%| F|  |TAMS 0x000000070a600000| PB 0x000000070a600000| Untracked |  0
|  47|0x000000070a800000, 0x000000070a800000, 0x000000070aa00000|  0%| F|  |TAMS 0x000000070a800000| PB 0x000000070a800000| Untracked |  0
|  48|0x000000070aa00000, 0x000000070aa00000, 0x000000070ac00000|  0%| F|  |TAMS 0x000000070aa00000| PB 0x000000070aa00000| Untracked |  0
|  49|0x000000070ac00000, 0x000000070ac00000, 0x000000070ae00000|  0%| F|  |TAMS 0x000000070ac00000| PB 0x000000070ac00000| Untracked |  0
|  50|0x000000070ae00000, 0x000000070ae00000, 0x000000070b000000|  0%| F|  |TAMS 0x000000070ae00000| PB 0x000000070ae00000| Untracked |  0
|  51|0x000000070b000000, 0x000000070b000000, 0x000000070b200000|  0%| F|  |TAMS 0x000000070b000000| PB 0x000000070b000000| Untracked |  0
|  52|0x000000070b200000, 0x000000070b200000, 0x000000070b400000|  0%| F|  |TAMS 0x000000070b200000| PB 0x000000070b200000| Untracked |  0
|  53|0x000000070b400000, 0x000000070b400000, 0x000000070b600000|  0%| F|  |TAMS 0x000000070b400000| PB 0x000000070b400000| Untracked |  0
|  54|0x000000070b600000, 0x000000070b600000, 0x000000070b800000|  0%| F|  |TAMS 0x000000070b600000| PB 0x000000070b600000| Untracked |  0
|  55|0x000000070b800000, 0x000000070b800000, 0x000000070ba00000|  0%| F|  |TAMS 0x000000070b800000| PB 0x000000070b800000| Untracked |  0
|  56|0x000000070ba00000, 0x000000070ba00000, 0x000000070bc00000|  0%| F|  |TAMS 0x000000070ba00000| PB 0x000000070ba00000| Untracked |  0
|  57|0x000000070bc00000, 0x000000070bc00000, 0x000000070be00000|  0%| F|  |TAMS 0x000000070bc00000| PB 0x000000070bc00000| Untracked |  0
|  58|0x000000070be00000, 0x000000070be00000, 0x000000070c000000|  0%| F|  |TAMS 0x000000070be00000| PB 0x000000070be00000| Untracked |  0
|  59|0x000000070c000000, 0x000000070c000000, 0x000000070c200000|  0%| F|  |TAMS 0x000000070c000000| PB 0x000000070c000000| Untracked |  0
|  60|0x000000070c200000, 0x000000070c200000, 0x000000070c400000|  0%| F|  |TAMS 0x000000070c200000| PB 0x000000070c200000| Untracked |  0
|  61|0x000000070c400000, 0x000000070c400000, 0x000000070c600000|  0%| F|  |TAMS 0x000000070c400000| PB 0x000000070c400000| Untracked |  0
|  62|0x000000070c600000, 0x000000070c600000, 0x000000070c800000|  0%| F|  |TAMS 0x000000070c600000| PB 0x000000070c600000| Untracked |  0
|  63|0x000000070c800000, 0x000000070c800000, 0x000000070ca00000|  0%| F|  |TAMS 0x000000070c800000| PB 0x000000070c800000| Untracked |  0
|  64|0x000000070ca00000, 0x000000070ca00000, 0x000000070cc00000|  0%| F|  |TAMS 0x000000070ca00000| PB 0x000000070ca00000| Untracked |  0
|  65|0x000000070cc00000, 0x000000070cc00000, 0x000000070ce00000|  0%| F|  |TAMS 0x000000070cc00000| PB 0x000000070cc00000| Untracked |  0
|  66|0x000000070ce00000, 0x000000070ce00000, 0x000000070d000000|  0%| F|  |TAMS 0x000000070ce00000| PB 0x000000070ce00000| Untracked |  0
|  67|0x000000070d000000, 0x000000070d000000, 0x000000070d200000|  0%| F|  |TAMS 0x000000070d000000| PB 0x000000070d000000| Untracked |  0
|  68|0x000000070d200000, 0x000000070d200000, 0x000000070d400000|  0%| F|  |TAMS 0x000000070d200000| PB 0x000000070d200000| Untracked |  0
|  69|0x000000070d400000, 0x000000070d400000, 0x000000070d600000|  0%| F|  |TAMS 0x000000070d400000| PB 0x000000070d400000| Untracked |  0
|  70|0x000000070d600000, 0x000000070d600000, 0x000000070d800000|  0%| F|  |TAMS 0x000000070d600000| PB 0x000000070d600000| Untracked |  0
|  71|0x000000070d800000, 0x000000070d800000, 0x000000070da00000|  0%| F|  |TAMS 0x000000070d800000| PB 0x000000070d800000| Untracked |  0
|  72|0x000000070da00000, 0x000000070da00000, 0x000000070dc00000|  0%| F|  |TAMS 0x000000070da00000| PB 0x000000070da00000| Untracked |  0
|  73|0x000000070dc00000, 0x000000070dc00000, 0x000000070de00000|  0%| F|  |TAMS 0x000000070dc00000| PB 0x000000070dc00000| Untracked |  0
|  74|0x000000070de00000, 0x000000070de00000, 0x000000070e000000|  0%| F|  |TAMS 0x000000070de00000| PB 0x000000070de00000| Untracked |  0
|  75|0x000000070e000000, 0x000000070e000000, 0x000000070e200000|  0%| F|  |TAMS 0x000000070e000000| PB 0x000000070e000000| Untracked |  0
|  76|0x000000070e200000, 0x000000070e200000, 0x000000070e400000|  0%| F|  |TAMS 0x000000070e200000| PB 0x000000070e200000| Untracked |  0
|  77|0x000000070e400000, 0x000000070e400000, 0x000000070e600000|  0%| F|  |TAMS 0x000000070e400000| PB 0x000000070e400000| Untracked |  0
|  78|0x000000070e600000, 0x000000070e600000, 0x000000070e800000|  0%| F|  |TAMS 0x000000070e600000| PB 0x000000070e600000| Untracked |  0
|  79|0x000000070e800000, 0x000000070e800000, 0x000000070ea00000|  0%| F|  |TAMS 0x000000070e800000| PB 0x000000070e800000| Untracked |  0
|  80|0x000000070ea00000, 0x000000070ea00000, 0x000000070ec00000|  0%| F|  |TAMS 0x000000070ea00000| PB 0x000000070ea00000| Untracked |  0
|  81|0x000000070ec00000, 0x000000070ec00000, 0x000000070ee00000|  0%| F|  |TAMS 0x000000070ec00000| PB 0x000000070ec00000| Untracked |  0
|  82|0x000000070ee00000, 0x000000070ee00000, 0x000000070f000000|  0%| F|  |TAMS 0x000000070ee00000| PB 0x000000070ee00000| Untracked |  0
|  83|0x000000070f000000, 0x000000070f000000, 0x000000070f200000|  0%| F|  |TAMS 0x000000070f000000| PB 0x000000070f000000| Untracked |  0
|  84|0x000000070f200000, 0x000000070f200000, 0x000000070f400000|  0%| F|  |TAMS 0x000000070f200000| PB 0x000000070f200000| Untracked |  0
|  85|0x000000070f400000, 0x000000070f400000, 0x000000070f600000|  0%| F|  |TAMS 0x000000070f400000| PB 0x000000070f400000| Untracked |  0
|  86|0x000000070f600000, 0x000000070f600000, 0x000000070f800000|  0%| F|  |TAMS 0x000000070f600000| PB 0x000000070f600000| Untracked |  0
|  87|0x000000070f800000, 0x000000070f800000, 0x000000070fa00000|  0%| F|  |TAMS 0x000000070f800000| PB 0x000000070f800000| Untracked |  0
|  88|0x000000070fa00000, 0x000000070fa00000, 0x000000070fc00000|  0%| F|  |TAMS 0x000000070fa00000| PB 0x000000070fa00000| Untracked |  0
|  89|0x000000070fc00000, 0x000000070fc00000, 0x000000070fe00000|  0%| F|  |TAMS 0x000000070fc00000| PB 0x000000070fc00000| Untracked |  0
|  90|0x000000070fe00000, 0x000000070fe00000, 0x0000000710000000|  0%| F|  |TAMS 0x000000070fe00000| PB 0x000000070fe00000| Untracked |  0
|  91|0x0000000710000000, 0x0000000710000000, 0x0000000710200000|  0%| F|  |TAMS 0x0000000710000000| PB 0x0000000710000000| Untracked |  0
|  92|0x0000000710200000, 0x0000000710200000, 0x0000000710400000|  0%| F|  |TAMS 0x0000000710200000| PB 0x0000000710200000| Untracked |  0
|  93|0x0000000710400000, 0x0000000710400000, 0x0000000710600000|  0%| F|  |TAMS 0x0000000710400000| PB 0x0000000710400000| Untracked |  0
|  94|0x0000000710600000, 0x0000000710600000, 0x0000000710800000|  0%| F|  |TAMS 0x0000000710600000| PB 0x0000000710600000| Untracked |  0
|  95|0x0000000710800000, 0x0000000710800000, 0x0000000710a00000|  0%| F|  |TAMS 0x0000000710800000| PB 0x0000000710800000| Untracked |  0
|  96|0x0000000710a00000, 0x0000000710a00000, 0x0000000710c00000|  0%| F|  |TAMS 0x0000000710a00000| PB 0x0000000710a00000| Untracked |  0
|  97|0x0000000710c00000, 0x0000000710c00000, 0x0000000710e00000|  0%| F|  |TAMS 0x0000000710c00000| PB 0x0000000710c00000| Untracked |  0
|  98|0x0000000710e00000, 0x0000000710e00000, 0x0000000711000000|  0%| F|  |TAMS 0x0000000710e00000| PB 0x0000000710e00000| Untracked |  0
|  99|0x0000000711000000, 0x0000000711000000, 0x0000000711200000|  0%| F|  |TAMS 0x0000000711000000| PB 0x0000000711000000| Untracked |  0
| 100|0x0000000711200000, 0x0000000711200000, 0x0000000711400000|  0%| F|  |TAMS 0x0000000711200000| PB 0x0000000711200000| Untracked |  0
| 101|0x0000000711400000, 0x0000000711400000, 0x0000000711600000|  0%| F|  |TAMS 0x0000000711400000| PB 0x0000000711400000| Untracked |  0
| 102|0x0000000711600000, 0x0000000711600000, 0x0000000711800000|  0%| F|  |TAMS 0x0000000711600000| PB 0x0000000711600000| Untracked |  0
| 103|0x0000000711800000, 0x0000000711800000, 0x0000000711a00000|  0%| F|  |TAMS 0x0000000711800000| PB 0x0000000711800000| Untracked |  0
| 104|0x0000000711a00000, 0x0000000711a00000, 0x0000000711c00000|  0%| F|  |TAMS 0x0000000711a00000| PB 0x0000000711a00000| Untracked |  0
| 105|0x0000000711c00000, 0x0000000711c00000, 0x0000000711e00000|  0%| F|  |TAMS 0x0000000711c00000| PB 0x0000000711c00000| Untracked |  0
| 106|0x0000000711e00000, 0x0000000711e00000, 0x0000000712000000|  0%| F|  |TAMS 0x0000000711e00000| PB 0x0000000711e00000| Untracked |  0
| 107|0x0000000712000000, 0x0000000712000000, 0x0000000712200000|  0%| F|  |TAMS 0x0000000712000000| PB 0x0000000712000000| Untracked |  0
| 108|0x0000000712200000, 0x0000000712200000, 0x0000000712400000|  0%| F|  |TAMS 0x0000000712200000| PB 0x0000000712200000| Untracked |  0
| 109|0x0000000712400000, 0x00000007125ec870, 0x0000000712600000| 96%| E|  |TAMS 0x0000000712400000| PB 0x0000000712400000| Complete |  0
| 110|0x0000000712600000, 0x0000000712800000, 0x0000000712800000|100%| E|CS|TAMS 0x0000000712600000| PB 0x0000000712600000| Complete |  0
| 111|0x0000000712800000, 0x0000000712a00000, 0x0000000712a00000|100%| E|CS|TAMS 0x0000000712800000| PB 0x0000000712800000| Complete |  0
| 112|0x0000000712a00000, 0x0000000712c00000, 0x0000000712c00000|100%| E|CS|TAMS 0x0000000712a00000| PB 0x0000000712a00000| Complete |  0
| 113|0x0000000712c00000, 0x0000000712e00000, 0x0000000712e00000|100%| E|CS|TAMS 0x0000000712c00000| PB 0x0000000712c00000| Complete |  0
| 114|0x0000000712e00000, 0x0000000713000000, 0x0000000713000000|100%| E|CS|TAMS 0x0000000712e00000| PB 0x0000000712e00000| Complete |  0
| 115|0x0000000713000000, 0x0000000713200000, 0x0000000713200000|100%| E|CS|TAMS 0x0000000713000000| PB 0x0000000713000000| Complete |  0
| 116|0x0000000713200000, 0x0000000713400000, 0x0000000713400000|100%| E|CS|TAMS 0x0000000713200000| PB 0x0000000713200000| Complete |  0
| 117|0x0000000713400000, 0x0000000713600000, 0x0000000713600000|100%| E|CS|TAMS 0x0000000713400000| PB 0x0000000713400000| Complete |  0
| 118|0x0000000713600000, 0x0000000713800000, 0x0000000713800000|100%| E|CS|TAMS 0x0000000713600000| PB 0x0000000713600000| Complete |  0
| 119|0x0000000713800000, 0x0000000713a00000, 0x0000000713a00000|100%| E|CS|TAMS 0x0000000713800000| PB 0x0000000713800000| Complete |  0
| 120|0x0000000713a00000, 0x0000000713c00000, 0x0000000713c00000|100%| E|CS|TAMS 0x0000000713a00000| PB 0x0000000713a00000| Complete |  0
| 121|0x0000000713c00000, 0x0000000713e00000, 0x0000000713e00000|100%| E|CS|TAMS 0x0000000713c00000| PB 0x0000000713c00000| Complete |  0
| 122|0x0000000713e00000, 0x0000000714000000, 0x0000000714000000|100%| E|CS|TAMS 0x0000000713e00000| PB 0x0000000713e00000| Complete |  0
| 123|0x0000000714000000, 0x0000000714200000, 0x0000000714200000|100%| E|CS|TAMS 0x0000000714000000| PB 0x0000000714000000| Complete |  0
| 124|0x0000000714200000, 0x0000000714400000, 0x0000000714400000|100%| E|CS|TAMS 0x0000000714200000| PB 0x0000000714200000| Complete |  0
| 125|0x0000000714400000, 0x0000000714600000, 0x0000000714600000|100%| E|CS|TAMS 0x0000000714400000| PB 0x0000000714400000| Complete |  0
|2010|0x00000007ffe00000, 0x00000007fff1d1c0, 0x0000000800000000| 55%| O|  |TAMS 0x00000007ffe00000| PB 0x00000007ffe00000| Untracked |  0

Card table byte_map: [0x00000200eaeb0000,0x00000200eb690000] _byte_map_base: 0x00000200e768b000

Marking Bits: (CMBitMap*) 0x00000200d141d6f0
 Bits: [0x00000200eb690000, 0x00000200ef568000)

Polling page: 0x00000200cf720000

Metaspace:

Usage:
  Non-class:      6.95 MB used.
      Class:    726.09 KB used.
       Both:      7.66 MB used.

Virtual space:
  Non-class space:       64.00 MB reserved,       7.06 MB ( 11%) committed,  1 nodes.
      Class space:        1.00 GB reserved,     832.00 KB ( <1%) committed,  1 nodes.
             Both:        1.06 GB reserved,       7.88 MB ( <1%) committed. 

Chunk freelists:
   Non-Class:  8.92 MB
       Class:  15.20 MB
        Both:  24.12 MB

MaxMetaspaceSize: unlimited
CompressedClassSpaceSize: 1.00 GB
Initial GC threshold: 21.00 MB
Current GC threshold: 21.00 MB
CDS: on
 - commit_granule_bytes: 65536.
 - commit_granule_words: 8192.
 - virtual_space_node_default_size: 8388608.
 - enlarge_chunks_in_place: 1.
UseCompressedClassPointers 1, UseCompactObjectHeaders 0
Narrow klass pointer bits 32, Max shift 3
Narrow klass base: 0x0000020080000000, Narrow klass shift: 0
Encoding Range: [0x0000020080000000 - 0x0000020180000000), (4294967296 bytes)
Klass Range:    [0x0000020080000000 - 0x00000200c1000000), (1090519040 bytes)
Klass ID Range:  [8 - 1090519033) (1090519025)


Internal statistics:

num_allocs_failed_limit: 0.
num_arena_births: 178.
num_arena_deaths: 0.
num_vsnodes_births: 2.
num_vsnodes_deaths: 0.
num_space_committed: 126.
num_space_uncommitted: 0.
num_chunks_returned_to_freelist: 0.
num_chunks_taken_from_freelist: 221.
num_chunk_merges: 0.
num_chunk_splits: 137.
num_chunks_enlarged: 62.
num_inconsistent_stats: 0.

CodeHeap 'non-profiled nmethods': size=119232Kb used=639Kb max_used=639Kb free=118592Kb
 bounds [0x00000200e2470000, 0x00000200e26e0000, 0x00000200e98e0000]
CodeHeap 'profiled nmethods': size=119104Kb used=3022Kb max_used=3022Kb free=116081Kb
 bounds [0x00000200da8e0000, 0x00000200dabe0000, 0x00000200e1d30000]
CodeHeap 'non-nmethods': size=7424Kb used=3140Kb max_used=3182Kb free=4284Kb
 bounds [0x00000200e1d30000, 0x00000200e2060000, 0x00000200e2470000]
CodeCache: size=245760Kb, used=6801Kb, max_used=6843Kb, free=238957Kb
 total_blobs=2552, nmethods=2052, adapters=402, full_count=0
Compilation: enabled, stopped_count=0, restarted_count=0

Compilation events (20 events):
Event: 0.433 Thread 0x00000200c12666e0 1856       1       java.util.concurrent.atomic.AtomicLong::get (5 bytes)
Event: 0.433 Thread 0x00000200c1225900 nmethod 1854 0x00000200dab7d088 code [0x00000200dab7d1e0, 0x00000200dab7d578]
Event: 0.433 Thread 0x00000200c6290460 nmethod 1848 0x00000200e24fe588 code [0x00000200e24fe6a0, 0x00000200e24fe820]
Event: 0.433 Thread 0x00000200c122c850 nmethod 1830 0x00000200dab7d608 code [0x00000200dab7ddc0, 0x00000200dab84088]
Event: 0.433 Thread 0x00000200c12666e0 nmethod 1856 0x00000200e24fe888 code [0x00000200e24fe980, 0x00000200e24fea50]
Event: 0.433 Thread 0x00000200c1225900 1858       3       java.util.concurrent.atomic.AtomicLong::compareAndSet (13 bytes)
Event: 0.433 Thread 0x00000200c12666e0 1859       3       java.util.Random::nextBoolean (14 bytes)
Event: 0.434 Thread 0x00000200c1225900 nmethod 1858 0x00000200dab84208 code [0x00000200dab84320, 0x00000200dab84448]
Event: 0.434 Thread 0x00000200c12666e0 nmethod 1859 0x00000200dab84508 code [0x00000200dab84620, 0x00000200dab84848]
Event: 0.434 Thread 0x00000200c1225900 1860       3       java.util.Random::next (47 bytes)
Event: 0.434 Thread 0x00000200c1225900 nmethod 1860 0x00000200dab84888 code [0x00000200dab849c0, 0x00000200dab84d30]
Event: 0.434 Thread 0x00000200c1118360 1861       4       java.lang.AbstractStringBuilder::append (45 bytes)
Event: 0.434 Thread 0x00000200c6290460 1862       4       java.lang.AbstractStringBuilder::<init> (39 bytes)
Event: 0.435 Thread 0x00000200c1225900 1864       3       sun.invoke.util.Wrapper::isSubwordOrInt (20 bytes)
Event: 0.435 Thread 0x00000200c1125000 1865       3       sun.invoke.util.Wrapper::isIntegral (23 bytes)
Event: 0.435 Thread 0x00000200c12666e0 1866       3       sun.invoke.util.Wrapper::isNumeric (16 bytes)
Event: 0.435 Thread 0x00000200c12666e0 nmethod 1866 0x00000200dab84d88 code [0x00000200dab84ea0, 0x00000200dab84ff8]
Event: 0.435 Thread 0x00000200c122c850 1868       3       java.lang.invoke.LambdaForm$BasicType::basicTypeSlots (8 bytes)
Event: 0.435 Thread 0x00000200c12666e0 1869       3       sun.invoke.util.Wrapper::stackSlots (9 bytes)
Event: 0.435 Thread 0x00000200c1125000 nmethod 1865 0x00000200dab85088 code [0x00000200dab851a0, 0x00000200dab85458]

GC Heap History (0 events):
No events

Dll operation events (11 events):
Event: 0.014 Loaded shared library C:\Program Files\Java\jdk-24\bin\java.dll
Event: 0.038 Loaded shared library C:\Program Files\Java\jdk-24\bin\jsvml.dll
Event: 0.082 Loaded shared library C:\Program Files\Java\jdk-24\bin\zip.dll
Event: 0.084 Loaded shared library C:\Program Files\Java\jdk-24\bin\instrument.dll
Event: 0.088 Loaded shared library C:\Program Files\Java\jdk-24\bin\net.dll
Event: 0.089 Loaded shared library C:\Program Files\Java\jdk-24\bin\nio.dll
Event: 0.094 Loaded shared library C:\Program Files\Java\jdk-24\bin\zip.dll
Event: 0.138 Loaded shared library C:\Program Files\Java\jdk-24\bin\extnet.dll
Event: 0.180 Loaded shared library C:\Program Files\Java\jdk-24\bin\jimage.dll
Event: 0.240 Loaded shared library C:\Program Files\Java\jdk-24\bin\management.dll
Event: 0.248 Loaded shared library C:\Program Files\Java\jdk-24\bin\management_ext.dll

Deoptimization events (20 events):
Event: 0.373 Thread 0x00000200c1103dd0 Uncommon trap: trap_request=0xffffffde fr.pc=0x00000200e24e6d1c relative=0x000000000000007c
Event: 0.373 Thread 0x00000200c1103dd0 Uncommon trap: reason=class_check action=maybe_recompile pc=0x00000200e24e6d1c method=java.util.Collections$UnmodifiableCollection$1.hasNext()Z @ 4 c2
Event: 0.373 Thread 0x00000200c1103dd0 DEOPT PACKING pc=0x00000200e24e6d1c sp=0x00000096a6efe8d0
Event: 0.373 Thread 0x00000200c1103dd0 DEOPT UNPACKING pc=0x00000200e1e55a02 sp=0x00000096a6efe870 mode 2
Event: 0.373 Thread 0x00000200c1103dd0 Uncommon trap: trap_request=0xffffffde fr.pc=0x00000200e24e6d1c relative=0x000000000000007c
Event: 0.373 Thread 0x00000200c1103dd0 Uncommon trap: reason=class_check action=maybe_recompile pc=0x00000200e24e6d1c method=java.util.Collections$UnmodifiableCollection$1.hasNext()Z @ 4 c2
Event: 0.373 Thread 0x00000200c1103dd0 DEOPT PACKING pc=0x00000200e24e6d1c sp=0x00000096a6efe8d0
Event: 0.373 Thread 0x00000200c1103dd0 DEOPT UNPACKING pc=0x00000200e1e55a02 sp=0x00000096a6efe870 mode 2
Event: 0.373 Thread 0x00000200c1103dd0 Uncommon trap: trap_request=0xffffffde fr.pc=0x00000200e24e6d1c relative=0x000000000000007c
Event: 0.373 Thread 0x00000200c1103dd0 Uncommon trap: reason=class_check action=maybe_recompile pc=0x00000200e24e6d1c method=java.util.Collections$UnmodifiableCollection$1.hasNext()Z @ 4 c2
Event: 0.373 Thread 0x00000200c1103dd0 DEOPT PACKING pc=0x00000200e24e6d1c sp=0x00000096a6efe8d0
Event: 0.373 Thread 0x00000200c1103dd0 DEOPT UNPACKING pc=0x00000200e1e55a02 sp=0x00000096a6efe870 mode 2
Event: 0.375 Thread 0x00000200c1103dd0 Uncommon trap: trap_request=0xffffff4d fr.pc=0x00000200e24dfe04 relative=0x00000000000002e4
Event: 0.376 Thread 0x00000200c1103dd0 Uncommon trap: reason=unstable_if action=reinterpret pc=0x00000200e24dfe04 method=java.lang.String.startsWith(Ljava/lang/String;I)Z @ 1 c2
Event: 0.376 Thread 0x00000200c1103dd0 DEOPT PACKING pc=0x00000200e24dfe04 sp=0x00000096a6efee40
Event: 0.376 Thread 0x00000200c1103dd0 DEOPT UNPACKING pc=0x00000200e1e55a02 sp=0x00000096a6efee08 mode 2
Event: 0.387 Thread 0x00000200c1103dd0 Uncommon trap: trap_request=0xffffffcc fr.pc=0x00000200e24e52dc relative=0x000000000000029c
Event: 0.387 Thread 0x00000200c1103dd0 Uncommon trap: reason=intrinsic_or_type_checked_inlining action=make_not_entrant pc=0x00000200e24e52dc method=java.util.Arrays.copyOf([Ljava/lang/Object;ILjava/lang/Class;)[Ljava/lang/Object; @ 35 c2
Event: 0.387 Thread 0x00000200c1103dd0 DEOPT PACKING pc=0x00000200e24e52dc sp=0x00000096a6efda00
Event: 0.387 Thread 0x00000200c1103dd0 DEOPT UNPACKING pc=0x00000200e1e55a02 sp=0x00000096a6efd9b8 mode 2

Classes loaded (20 events):
Event: 0.419 Loading class sun/security/jca/GetInstance
Event: 0.419 Loading class sun/security/jca/GetInstance done
Event: 0.419 Loading class sun/security/provider/SHA
Event: 0.419 Loading class sun/security/provider/DigestBase
Event: 0.419 Loading class sun/security/provider/DigestBase done
Event: 0.419 Loading class sun/security/provider/SHA done
Event: 0.419 Loading class sun/security/jca/GetInstance$Instance
Event: 0.419 Loading class sun/security/jca/GetInstance$Instance done
Event: 0.419 Loading class java/security/MessageDigest$Delegate
Event: 0.419 Loading class sun/security/util/MessageDigestSpi2
Event: 0.419 Loading class sun/security/util/MessageDigestSpi2 done
Event: 0.419 Loading class java/security/MessageDigest$Delegate done
Event: 0.419 Loading class java/security/MessageDigest$Delegate$CloneableDelegate
Event: 0.419 Loading class java/security/MessageDigest$Delegate$CloneableDelegate done
Event: 0.419 Loading class sun/security/provider/ByteArrayAccess
Event: 0.419 Loading class sun/security/provider/ByteArrayAccess done
Event: 0.419 Loading class sun/security/provider/ByteArrayAccess$BE
Event: 0.420 Loading class sun/security/provider/ByteArrayAccess$BE done
Event: 0.426 Loading class java/net/NetworkInterface$1
Event: 0.426 Loading class java/net/NetworkInterface$1 done

Classes unloaded (0 events):
No events

Classes redefined (0 events):
No events

Internal exceptions (20 events):
Event: 0.137 Thread 0x00000200c110bed0 Exception <a 'java/lang/NoSuchMethodError'{0x00000007141f0a20}: 'java.lang.Object java.lang.invoke.DirectMethodHandle$Holder.invokeStaticInit(java.lang.Object)'> (0x00000007141f0a20) 
thrown [s\open\src\hotspot\share\interpreter\linkResolver.cpp, line 805]
Event: 0.140 Thread 0x00000200c110bed0 Exception <a 'java/lang/NoSuchMethodError'{0x00000007141fb638}: 'void java.lang.invoke.DirectMethodHandle$Holder.invokeStatic(java.lang.Object, java.lang.Object)'> (0x00000007141fb638) 
thrown [s\open\src\hotspot\share\interpreter\linkResolver.cpp, line 805]
Event: 0.197 Thread 0x00000200d13b3000 Exception <a 'java/lang/NoSuchMethodError'{0x0000000713d247e0}: 'void java.lang.invoke.DirectMethodHandle$Holder.invokeStaticInit(java.lang.Object)'> (0x0000000713d247e0) 
thrown [s\open\src\hotspot\share\interpreter\linkResolver.cpp, line 805]
Event: 0.209 Thread 0x00000200d13b3000 Exception <a 'java/lang/NoSuchMethodError'{0x0000000713d95860}: 'void java.lang.invoke.DirectMethodHandle$Holder.invokeSpecial(java.lang.Object, java.lang.Object, java.lang.Object)'> (0x0000000713d95860) 
thrown [s\open\src\hotspot\share\interpreter\linkResolver.cpp, line 805]
Event: 0.213 Thread 0x00000200c1103dd0 Exception <a 'java/lang/NoSuchMethodError'{0x0000000713a59bd0}: 'java.lang.Object java.lang.invoke.DirectMethodHandle$Holder.newInvokeSpecial(java.lang.Object, java.lang.Object, java.lang.Object, int)'> (0x0000000713a59bd0) 
thrown [s\open\src\hotspot\share\interpreter\linkResolver.cpp, line 805]
Event: 0.213 Thread 0x00000200c1103dd0 Exception <a 'java/lang/NoSuchMethodError'{0x0000000713a627c8}: 'java.lang.Object java.lang.invoke.Invokers$Holder.linkToTargetMethod(java.lang.Object, java.lang.Object, int, java.lang.Object)'> (0x0000000713a627c8) 
thrown [s\open\src\hotspot\share\interpreter\linkResolver.cpp, line 805]
Event: 0.217 Thread 0x00000200c1103dd0 Exception <a 'java/lang/NoSuchMethodError'{0x0000000713a9d038}: 'long java.lang.invoke.DirectMethodHandle$Holder.invokeSpecial(java.lang.Object, java.lang.Object)'> (0x0000000713a9d038) 
thrown [s\open\src\hotspot\share\interpreter\linkResolver.cpp, line 805]
Event: 0.219 Thread 0x00000200d13b3000 Exception <a 'java/lang/NoSuchMethodError'{0x0000000713b03ce0}: 'java.lang.Object java.lang.invoke.DirectMethodHandle$Holder.newInvokeSpecial(java.lang.Object, java.lang.Object, java.lang.Object, java.lang.Object, java.lang.Object)'> (0x0000000713b03ce0) 
thrown [s\open\src\hotspot\share\interpreter\linkResolver.cpp, line 805]
Event: 0.251 Thread 0x00000200c1103dd0 Exception <a 'java/lang/NoSuchMethodError'{0x0000000713813b70}: 'int java.lang.invoke.DirectMethodHandle$Holder.invokeInterface(java.lang.Object, java.lang.Object)'> (0x0000000713813b70) 
thrown [s\open\src\hotspot\share\interpreter\linkResolver.cpp, line 805]
Event: 0.252 Thread 0x00000200c1103dd0 Exception <a 'java/lang/IncompatibleClassChangeError'{0x000000071381b7f0}: Found class java.lang.Object, but interface was expected> (0x000000071381b7f0) 
thrown [s\open\src\hotspot\share\interpreter\linkResolver.cpp, line 872]
Event: 0.252 Thread 0x00000200d13b3000 Exception <a 'java/lang/NoSuchMethodError'{0x00000007139a5b40}: 'long java.lang.invoke.DirectMethodHandle$Holder.invokeVirtual(java.lang.Object, java.lang.Object)'> (0x00000007139a5b40) 
thrown [s\open\src\hotspot\share\interpreter\linkResolver.cpp, line 805]
Event: 0.275 Thread 0x00000200c1103dd0 Exception <a 'java/lang/NoSuchMethodError'{0x000000071389a558}: 'int java.lang.invoke.DirectMethodHandle$Holder.invokeSpecial(java.lang.Object, java.lang.Object, java.lang.Object)'> (0x000000071389a558) 
thrown [s\open\src\hotspot\share\interpreter\linkResolver.cpp, line 805]
Event: 0.342 Thread 0x00000200d13b3000 Exception <a 'java/lang/NoSuchMethodError'{0x00000007133e9870}: 'void java.lang.invoke.DirectMethodHandle$Holder.invokeSpecial(java.lang.Object, java.lang.Object, int)'> (0x00000007133e9870) 
thrown [s\open\src\hotspot\share\interpreter\linkResolver.cpp, line 805]
Event: 0.342 Thread 0x00000200d13b3000 Exception <a 'java/lang/NoSuchMethodError'{0x00000007131f1fd0}: 'void java.lang.invoke.Invokers$Holder.invokeExact_MT(java.lang.Object, int, java.lang.Object)'> (0x00000007131f1fd0) 
thrown [s\open\src\hotspot\share\interpreter\linkResolver.cpp, line 805]
Event: 0.345 Thread 0x00000200d13b3000 Exception <a 'java/lang/NoSuchMethodError'{0x0000000712e0dfb8}: 'void java.lang.invoke.DirectMethodHandle$Holder.invokeStatic(java.lang.Object, java.lang.Object, int)'> (0x0000000712e0dfb8) 
thrown [s\open\src\hotspot\share\interpreter\linkResolver.cpp, line 805]
Event: 0.346 Thread 0x00000200d13b3000 Exception <a 'java/lang/NoSuchMethodError'{0x0000000712e1d0a8}: 'java.lang.Object java.lang.invoke.DirectMethodHandle$Holder.newInvokeSpecial(java.lang.Object, java.lang.Object, int)'> (0x0000000712e1d0a8) 
thrown [s\open\src\hotspot\share\interpreter\linkResolver.cpp, line 805]
Event: 0.357 Thread 0x00000200d13b3000 Exception <a 'sun/nio/fs/WindowsException'{0x0000000712e514d8}> (0x0000000712e514d8) 
thrown [s\open\src\hotspot\share\prims\jni.cpp, line 518]
Event: 0.359 Thread 0x00000200d13b3000 Exception <a 'sun/nio/fs/WindowsException'{0x0000000712e5e450}> (0x0000000712e5e450) 
thrown [s\open\src\hotspot\share\prims\jni.cpp, line 518]
Event: 0.362 Thread 0x00000200d13b3000 Exception <a 'sun/nio/fs/WindowsException'{0x0000000712e704c0}> (0x0000000712e704c0) 
thrown [s\open\src\hotspot\share\prims\jni.cpp, line 518]
Event: 0.413 Thread 0x00000200c1103dd0 Exception <a 'java/lang/NoSuchMethodError'{0x0000000712d7fbb8}: 'java.lang.Object java.lang.invoke.DirectMethodHandle$Holder.invokeStaticInit(java.lang.Object, int, int, int, int)'> (0x0000000712d7fbb8) 
thrown [s\open\src\hotspot\share\interpreter\linkResolver.cpp, line 805]

VM Operations (10 events):
Event: 0.144 Executing VM operation: HandshakeAllThreads (Deoptimize)
Event: 0.144 Executing VM operation: HandshakeAllThreads (Deoptimize) done
Event: 0.348 Executing VM operation: HandshakeAllThreads (Deoptimize)
Event: 0.348 Executing VM operation: HandshakeAllThreads (Deoptimize) done
Event: 0.355 Executing VM operation: HandshakeAllThreads (Deoptimize)
Event: 0.355 Executing VM operation: HandshakeAllThreads (Deoptimize) done
Event: 0.383 Executing VM operation: JFRSafepointClear
Event: 0.383 Executing VM operation: JFRSafepointClear done
Event: 0.384 Executing VM operation: HandshakeAllThreads (Deoptimize)
Event: 0.384 Executing VM operation: HandshakeAllThreads (Deoptimize) done

Memory protections (0 events):
No events

Nmethod flushes (0 events):
No events

Events (20 events):
Event: 0.026 Thread 0x00000200d13b3000 Thread added: 0x00000200d13b3000
Event: 0.035 Thread 0x00000200d13b3000 Thread added: 0x00000200c10f8ab0
Event: 0.035 Thread 0x00000200d13b3000 Thread added: 0x00000200c10fa300
Event: 0.035 Thread 0x00000200d13b3000 Thread added: 0x00000200c1102c60
Event: 0.035 Thread 0x00000200d13b3000 Thread added: 0x00000200c1103dd0
Event: 0.035 Thread 0x00000200d13b3000 Thread added: 0x00000200c110ab10
Event: 0.035 Thread 0x00000200d13b3000 Thread added: 0x00000200c110eab0
Event: 0.035 Thread 0x00000200d13b3000 Thread added: 0x00000200c1118360
Event: 0.035 Thread 0x00000200d13b3000 Thread added: 0x00000200c1125000
Event: 0.071 Thread 0x00000200c1125000 Thread added: 0x00000200c1225900
Event: 0.071 Thread 0x00000200c1125000 Thread added: 0x00000200c122c850
Event: 0.072 Thread 0x00000200c1125000 Thread added: 0x00000200c12666e0
Event: 0.086 Thread 0x00000200d13b3000 Thread added: 0x00000200c110c620
Event: 0.098 Thread 0x00000200c1118360 Thread added: 0x00000200c13c55c0
Event: 0.130 Thread 0x00000200d13b3000 Thread added: 0x00000200c110bed0
Event: 0.178 Thread 0x00000200c122c850 Thread added: 0x00000200c1bc4b90
Event: 0.195 Thread 0x00000200d13b3000 Thread added: 0x00000200c110cd70
Event: 0.261 Thread 0x00000200c12666e0 Thread added: 0x00000200c628f4b0
Event: 0.261 Thread 0x00000200c1225900 Thread added: 0x00000200c6290460
Event: 0.347 Thread 0x00000200d13b3000 Thread added: 0x00000200c110d4c0


Dynamic libraries:
0x00007ff61f2a0000 - 0x00007ff61f2b0000 	C:\Program Files\Java\jdk-24\bin\java.exe
0x00007ff9a0590000 - 0x00007ff9a0788000 	C:\WINDOWS\SYSTEM32\ntdll.dll
0x00007ff99ef90000 - 0x00007ff99f052000 	C:\WINDOWS\System32\KERNEL32.DLL
0x00007ff99e010000 - 0x00007ff99e306000 	C:\WINDOWS\System32\KERNELBASE.dll
0x00007ff99de00000 - 0x00007ff99df00000 	C:\WINDOWS\System32\ucrtbase.dll
0x00007ff990810000 - 0x00007ff990826000 	C:\Program Files\Java\jdk-24\bin\jli.dll
0x00007ff98ff90000 - 0x00007ff98ffab000 	C:\Program Files\Java\jdk-24\bin\VCRUNTIME140.dll
0x00007ff99f5f0000 - 0x00007ff99f791000 	C:\WINDOWS\System32\USER32.dll
0x00007ff99dc70000 - 0x00007ff99dc92000 	C:\WINDOWS\System32\win32u.dll
0x00007ff9a02b0000 - 0x00007ff9a02db000 	C:\WINDOWS\System32\GDI32.dll
0x00007ff982780000 - 0x00007ff982a1b000 	C:\WINDOWS\WinSxS\amd64_microsoft.windows.common-controls_6595b64144ccf1df_6.0.19041.6456_none_60b8a6cb71f64256\COMCTL32.dll
0x00007ff99e310000 - 0x00007ff99e429000 	C:\WINDOWS\System32\gdi32full.dll
0x00007ff99e5b0000 - 0x00007ff99e64e000 	C:\WINDOWS\System32\msvcrt.dll
0x00007ff99e430000 - 0x00007ff99e4cd000 	C:\WINDOWS\System32\msvcp_win.dll
0x00007ff9a02e0000 - 0x00007ff9a030f000 	C:\WINDOWS\System32\IMM32.DLL
0x00007ff9904c0000 - 0x00007ff9904cc000 	C:\Program Files\Java\jdk-24\bin\vcruntime140_1.dll
0x00007ff98ff00000 - 0x00007ff98ff8e000 	C:\Program Files\Java\jdk-24\bin\msvcp140.dll
0x00007ff8f73c0000 - 0x00007ff8f8162000 	C:\Program Files\Java\jdk-24\bin\server\jvm.dll
0x00007ff99f7a0000 - 0x00007ff99f851000 	C:\WINDOWS\System32\ADVAPI32.dll
0x00007ff9a00c0000 - 0x00007ff9a015f000 	C:\WINDOWS\System32\sechost.dll
0x00007ff99f4d0000 - 0x00007ff99f5f0000 	C:\WINDOWS\System32\RPCRT4.dll
0x00007ff99e580000 - 0x00007ff99e5a7000 	C:\WINDOWS\System32\bcrypt.dll
0x00007ff99f400000 - 0x00007ff99f46b000 	C:\WINDOWS\System32\WS2_32.dll
0x00007ff99d120000 - 0x00007ff99d16b000 	C:\WINDOWS\SYSTEM32\POWRPROF.dll
0x00007ff9911d0000 - 0x00007ff9911f7000 	C:\WINDOWS\SYSTEM32\WINMM.dll
0x00007ff997340000 - 0x00007ff99734a000 	C:\WINDOWS\SYSTEM32\VERSION.dll
0x00007ff99cff0000 - 0x00007ff99d002000 	C:\WINDOWS\SYSTEM32\UMPDC.dll
0x00007ff99c440000 - 0x00007ff99c452000 	C:\WINDOWS\SYSTEM32\kernel.appcore.dll
0x00007ff9903a0000 - 0x00007ff9903aa000 	C:\Program Files\Java\jdk-24\bin\jimage.dll
0x00007ff99b7d0000 - 0x00007ff99b9d1000 	C:\WINDOWS\SYSTEM32\DBGHELP.DLL
0x00007ff9804c0000 - 0x00007ff9804f4000 	C:\WINDOWS\SYSTEM32\dbgcore.DLL
0x00007ff99df00000 - 0x00007ff99df82000 	C:\WINDOWS\System32\bcryptPrimitives.dll
0x00007ff993c80000 - 0x00007ff993c8f000 	C:\Program Files\Java\jdk-24\bin\instrument.dll
0x00007ff98fee0000 - 0x00007ff98fefe000 	C:\Program Files\Java\jdk-24\bin\java.dll
0x00007ff9a0160000 - 0x00007ff9a028b000 	C:\WINDOWS\System32\ole32.dll
0x00007ff99f8f0000 - 0x00007ff99fc44000 	C:\WINDOWS\System32\combase.dll
0x00007ff99e730000 - 0x00007ff99eea0000 	C:\WINDOWS\System32\SHELL32.dll
0x00007ff95a1f0000 - 0x00007ff95a3e8000 	C:\Users\MINHTR~1\AppData\Local\Temp\idea_libasyncProfiler_dll_temp_folder110270\libasyncProfiler.dll
0x00007ff99bc30000 - 0x00007ff99c3d5000 	C:\WINDOWS\SYSTEM32\windows.storage.dll
0x00007ff99d650000 - 0x00007ff99d67b000 	C:\WINDOWS\SYSTEM32\Wldp.dll
0x00007ff99eea0000 - 0x00007ff99ef6d000 	C:\WINDOWS\System32\OLEAUT32.dll
0x00007ff99f060000 - 0x00007ff99f10d000 	C:\WINDOWS\System32\SHCORE.dll
0x00007ff99f190000 - 0x00007ff99f1eb000 	C:\WINDOWS\System32\shlwapi.dll
0x00007ff99db50000 - 0x00007ff99db74000 	C:\WINDOWS\SYSTEM32\profapi.dll
0x00007ff97bea0000 - 0x00007ff97bf77000 	C:\Program Files\Java\jdk-24\bin\jsvml.dll
0x00007ff98fae0000 - 0x00007ff98faf7000 	C:\Program Files\Java\jdk-24\bin\zip.dll
0x00007ff98fed0000 - 0x00007ff98fee0000 	C:\Program Files\Java\jdk-24\bin\net.dll
0x00007ff99d390000 - 0x00007ff99d3fa000 	C:\WINDOWS\system32\mswsock.dll
0x00007ff98feb0000 - 0x00007ff98fec6000 	C:\Program Files\Java\jdk-24\bin\nio.dll
0x00007ff98fad0000 - 0x00007ff98fad9000 	C:\Program Files\Java\jdk-24\bin\extnet.dll
0x00007ff99d050000 - 0x00007ff99d11a000 	C:\WINDOWS\SYSTEM32\DNSAPI.dll
0x00007ff99d010000 - 0x00007ff99d04b000 	C:\WINDOWS\SYSTEM32\IPHLPAPI.DLL
0x00007ff9a02a0000 - 0x00007ff9a02a8000 	C:\WINDOWS\System32\NSI.dll
0x00007ff9965e0000 - 0x00007ff9965ea000 	C:\Windows\System32\rasadhlp.dll
0x00007ff9894c0000 - 0x00007ff989540000 	C:\WINDOWS\System32\fwpuclnt.dll
0x00007ff992f70000 - 0x00007ff992f7a000 	C:\Program Files\Java\jdk-24\bin\management.dll
0x00007ff992f60000 - 0x00007ff992f6b000 	C:\Program Files\Java\jdk-24\bin\management_ext.dll
0x00007ff9a0310000 - 0x00007ff9a0318000 	C:\WINDOWS\System32\PSAPI.DLL
0x00007ff99d5b0000 - 0x00007ff99d5c8000 	C:\WINDOWS\SYSTEM32\CRYPTSP.dll
0x00007ff99cc20000 - 0x00007ff99cc58000 	C:\WINDOWS\system32\rsaenh.dll
0x00007ff99dad0000 - 0x00007ff99dafe000 	C:\WINDOWS\SYSTEM32\USERENV.dll
0x00007ff99d5a0000 - 0x00007ff99d5ac000 	C:\WINDOWS\SYSTEM32\CRYPTBASE.dll
0x00007ff96c560000 - 0x00007ff96c577000 	C:\WINDOWS\system32\napinsp.dll
0x00007ff96c540000 - 0x00007ff96c55b000 	C:\WINDOWS\system32\pnrpnsp.dll
0x00007ff998af0000 - 0x00007ff998b0d000 	C:\WINDOWS\system32\NLAapi.dll
0x00007ff9980c0000 - 0x00007ff9980dd000 	C:\WINDOWS\system32\wshbth.dll
0x00007ff96c1e0000 - 0x00007ff96c1f2000 	C:\WINDOWS\System32\winrnr.dll
0x00007ff97eda0000 - 0x00007ff97edf1000 	C:\WINDOWS\SYSTEM32\pdh.dll

JVMTI agents:
C:\Program Files\JetBrains\IntelliJ IDEA 2025.1.2\lib\idea_rt.jar path:C:\Program Files\Java\jdk-24\bin\instrument.dll, loaded, initialized, instrumentlib options:52794
C:\Users\MINHTR~1\AppData\Local\Temp\idea_libasyncProfiler_dll_temp_folder110270\libasyncProfiler.dll path:C:\Users\MINHTR~1\AppData\Local\Temp\idea_libasyncProfiler_dll_temp_folder110270\libasyncProfiler.dll, loaded, initialized, options:start,jfr,event=wall,interval=10ms,jfrsync=profile,cstack=no,file=C:\Users\Minh Triet\IdeaSnapshots\Main_2026_01_16_091847.jfr,dbghelppath=C:\Users\MINHTR~1\AppData\Local\Temp\idea_dbghelp_dll_temp_folder\dbghelp.dll,log=C:\Users\MINHTR~1\AppData\Local\Temp\Main_2026_01_16_091847.jfr.log.txt,logLevel=DEBUG

dbghelp: loaded successfully - version: 4.0.5 - missing functions: none
symbol engine: initialized successfully - sym options: 0x614 - pdb path: .;C:\Program Files\Java\jdk-24\bin;C:\WINDOWS\SYSTEM32;C:\WINDOWS\WinSxS\amd64_microsoft.windows.common-controls_6595b64144ccf1df_6.0.19041.6456_none_60b8a6cb71f64256;C:\Program Files\Java\jdk-24\bin\server;C:\Users\MINHTR~1\AppData\Local\Temp\idea_libasyncProfiler_dll_temp_folder110270

VM Arguments:
jvm_args: -javaagent:C:\Program Files\JetBrains\IntelliJ IDEA 2025.1.2\lib\idea_rt.jar=52794 -agentpath:C:\Users\MINHTR~1\AppData\Local\Temp\idea_libasyncProfiler_dll_temp_folder110270\libasyncProfiler.dll=start,jfr,event=wall,interval=10ms,jfrsync=profile,cstack=no,file=C:\Users\Minh Triet\IdeaSnapshots\Main_2026_01_16_091847.jfr,dbghelppath=C:\Users\MINHTR~1\AppData\Local\Temp\idea_dbghelp_dll_temp_folder\dbghelp.dll,log=C:\Users\MINHTR~1\AppData\Local\Temp\Main_2026_01_16_091847.jfr.log.txt,logLevel=DEBUG -Dfile.encoding=UTF-8 -Dsun.stdout.encoding=UTF-8 -Dsun.stderr.encoding=UTF-8 
java_command: com.minhtriet.Main
java_class_path (initial): C:\Users\Minh Triet\Desktop\Play_With_AI\target\classes;C:\Users\Minh Triet\.m2\repository\com\google\genai\google-genai\1.0.0\google-genai-1.0.0.jar;C:\Users\Minh Triet\.m2\repository\com\google\auth\google-auth-library-oauth2-http\1.30.1\google-auth-library-oauth2-http-1.30.1.jar;C:\Users\Minh Triet\.m2\repository\com\google\auto\value\auto-value-annotations\1.11.0\auto-value-annotations-1.11.0.jar;C:\Users\Minh Triet\.m2\repository\com\google\code\findbugs\jsr305\3.0.2\jsr305-3.0.2.jar;C:\Users\Minh Triet\.m2\repository\com\google\auth\google-auth-library-credentials\1.30.1\google-auth-library-credentials-1.30.1.jar;C:\Users\Minh Triet\.m2\repository\com\google\http-client\google-http-client\1.45.2\google-http-client-1.45.2.jar;C:\Users\Minh Triet\.m2\repository\io\grpc\grpc-context\1.68.2\grpc-context-1.68.2.jar;C:\Users\Minh Triet\.m2\repository\io\grpc\grpc-api\1.68.2\grpc-api-1.68.2.jar;C:\Users\Minh Triet\.m2\repository\io\opencensus\opencensus-api\0.31.1\opencensus-api-0.31.1.jar;C:\Users\Minh Triet\.m2\repository\io\opencensus\opencensus-contrib-http-util\0.31.1\opencensus-contrib-http-util-0.31.1.jar;C:\Users\Minh Triet\.m2\repository\com\google\http-client\google-http-client-gson\1.45.2\google-http-client-gson-1.45.2.jar;C:\Users\Minh Triet\.m2\repository\com\google\code\gson\gson\2.11.0\gson-2.11.0.jar;C:\Users\Minh Triet\.m2\repository\com\google\guava\guava\33.3.1-android\guava-33.3.1-android.jar;C:\Users\Minh Triet\.m2\repository\com\google\guava\failureaccess\1.0.2\failureaccess-1.0.2.jar;C:\Users\Minh Triet\.m2\repository\com\google\guava\listenablefuture\9999.0-empty-to-avoid-conflict-with-guava\listenablefuture-9999.0-empty-to-avoid-conflict-with-guava.jar;C:\Users\Minh Triet\.m2\repository\org\checkerframework\checker-qual\3.43.0\checker-qual-3.43.0.jar;C:\Users\Minh Triet\.m2\repository\com\google\errorprone\error_prone_annotations\2.36.0\error_prone_annotations-2.36.0.jar;C:\Users\Minh Triet\.m2\repository\org\apache\httpcomponents\httpclient\4.5.14\httpclient-4.5.14.jar;C:\Users\Minh Triet\.m2\repository\commons-logging\commons-logging\1.2\commons-logging-1.2.jar;C:\Users\Minh Triet\.m2\repository\commons-codec\commons-codec\1.11\commons-codec-1.11.jar;C:\Users\Minh Triet\.m2\repository\org\apache\httpcomponents\httpcore\4.4.16\httpcore-4.4.16.jar;C:\Users\Minh Triet\.m2\repository\com\google\auto\value\auto-value\1.11.0\auto-value-1.11.0.jar;C:\Users\Minh Triet\.m2\repository\com\google\api\api-common\2.42.1\api-common-2.42.1.jar;C:\Users\Minh Triet\.m2\repository\javax\annotation\javax.annotation-api\1.3.2\javax.annotation-api-1.3.2.jar;C:\Users\Minh Triet\.m2\repository\com\google\j2objc\j2objc-annotations\3.0.0\j2objc-annotations-3.0.0.jar;C:\Users\Minh Triet\.m2\repository\com\fasterxml\jackson\core\jackson-databind\2.17.2\jackson-databind-2.17.2.jar;C:\Users\Minh Triet\.m2\repository\com\fasterxml\jackson\core\jackson-annotations\2.17.2\jackson-annotations-2.17.2.jar;C:\Users\Minh Triet\.m2\repository\com\fasterxml\jackson\core\jackson-core\2.17.2\jackson-core-2.17.2.jar;C:\Users\Minh Triet\.m2\repository\com\fasterxml\jackson\datatype\jackson-datatype-jdk8\2.17.2\jackson-datatype-jdk8-2.17.2.jar;C:\Users\Minh Triet\.m2\repository\com\fasterxml\jackson\datatype\jackson-datatype-jsr310\2.17.2\jackson-datatype-jsr310-2.17.2.jar;C:\Users\Minh Triet\.m2\repository\org\java-websocket\Java-WebSocket\1.6.0\Java-WebSocket-1.6.0.jar;C:\Users\Minh Triet\.m2\repository\org\slf4j\slf4j-api\2.0.13\slf4j-api-2.0.13.jar;C:\Users\Minh Triet\.m2\repository\org\jspecify\jspecify\1.0.0\jspecify-1.0.0.jar
Launcher Type: SUN_STANDARD

[Global flags]
     intx CICompilerCount                          = 12                                        {product} {ergonomic}
     uint ConcGCThreads                            = 3                                         {product} {ergonomic}
     bool FlightRecorder                           = true                                      {product} {management}
     uint G1ConcRefinementThreads                  = 13                                        {product} {ergonomic}
   size_t G1HeapRegionSize                         = 2097152                                   {product} {ergonomic}
   size_t InitialHeapSize                          = 264241152                                 {product} {ergonomic}
   size_t MarkStackSize                            = 4194304                                   {product} {ergonomic}
   size_t MarkStackSizeMax                         = 536870912                                 {product} {ergonomic}
   size_t MaxHeapSize                              = 4217372672                                {product} {ergonomic}
   size_t MaxNewSize                               = 2529165312                                {product} {ergonomic}
   size_t MinHeapDeltaBytes                        = 2097152                                   {product} {ergonomic}
   size_t MinHeapSize                              = 8388608                                   {product} {ergonomic}
    uintx NonNMethodCodeHeapSize                   = 7602176                                {pd product} {ergonomic}
    uintx NonProfiledCodeHeapSize                  = 122093568                              {pd product} {ergonomic}
    uintx ProfiledCodeHeapSize                     = 121962496                              {pd product} {ergonomic}
    uintx ReservedCodeCacheSize                    = 251658240                              {pd product} {ergonomic}
     bool SegmentedCodeCache                       = true                                      {product} {ergonomic}
   size_t SoftMaxHeapSize                          = 4217372672                             {manageable} {ergonomic}
     bool UseCompressedOops                        = true                           {product lp64_product} {ergonomic}
     bool UseG1GC                                  = true                                      {product} {ergonomic}
     bool UseLargePagesIndividualAllocation        = false                                  {pd product} {ergonomic}

Logging:
Log output configuration:
 #0: stdout all=warning uptime,level,tags foldmultilines=false
 #1: stderr all=off uptime,level,tags foldmultilines=false

Environment Variables:
JAVA_HOME=C:\Program Files\Java\jdk-21
PATH=C:\Program Files\Common Files\Oracle\Java\javapath;C:\Program Files (x86)\VMware\VMware Workstation\bin\;C:\Windows\system32;C:\Windows;C:\Windows\System32\Wbem;C:\Windows\System32\WindowsPowerShell\v1.0\;C:\Windows\System32\OpenSSH\;C:\Program Files (x86)\NVIDIA Corporation\PhysX\Common;C:\WINDOWS\system32;C:\WINDOWS;C:\WINDOWS\System32\Wbem;C:\WINDOWS\System32\WindowsPowerShell\v1.0\;C:\WINDOWS\System32\OpenSSH\;C:\Program Files\Microsoft\Web Platform Installer\;C:\Program Files (x86)\Microsoft ASP.NET\ASP.NET Web Pages\v1.0\;C:\Program Files\Microsoft SQL Server\110\Tools\Binn\;C:\Program Files\NVIDIA Corporation\NVIDIA NvDLISR;C:\Program Files (x86)\Microsoft SQL Server\130\Tools\Binn\;C:\Program Files\Microsoft SQL Server\130\Tools\Binn\;C:\Program Files (x86)\Microsoft SQL Server\130\DTS\Binn\;C:\Program Files\Microsoft SQL Server\130\DTS\Binn\;C:\Program Files (x86)\Microsoft SQL Server\160\Tools\Binn\;C:\Program Files\Microsoft SQL Server\160\Tools\Binn\;C:\Program Files\Microsoft SQL Server\Client SDK\ODBC\170\Tools\Binn\;C:\Program Files\Microsoft SQL Server\160\DTS\Binn\;C:\Program Files (x86)\Microsoft SQL Server\160\DTS\Binn\;C:\Program Files\Java\jdk-21\BIN;C:\Program Files\apache-maven-3.9.9\BIN;C:\Program Files\Git\cmd;C:\Program Files\Docker\Docker\resources\bin;C:\Program Files\Microsoft SQL Server\170\Tools\Binn\;C:\Program Files\dotnet\;C:\Program Files\nodejs\;C:\Users\Minh Triet\AppData\Local\Microsoft\WindowsApps;D:\KH HOC TUAN- THANG- NAM\THANG\Microsoft VS Code\bin;C:\Users\Minh Triet\AppData\Local\GitHubDesktop\bin;C:\Program Files\JetBrains\IntelliJ IDEA 2025.1.2\bin;;C:\Users\Minh Triet\.dotnet\tools;C:\Users\Minh Triet\AppData\Roaming\npm
USERNAME=Minh Triet
OS=Windows_NT
PROCESSOR_IDENTIFIER=Intel64 Family 6 Model 141 Stepping 1, GenuineIntel
TMP=C:\Users\MINHTR~1\AppData\Local\Temp
TEMP=C:\Users\MINHTR~1\AppData\Local\Temp




Periodic native trim disabled

---------------  S Y S T E M  ---------------

OS:
 Windows 10 , 64 bit Build 19041 (10.0.19041.5915)
OS uptime: 1 days 1:30 hours
Hyper-V role detected

CPU: total 16 (initial active 16) (8 cores per cpu, 2 threads per core) family 6 model 141 stepping 1 microcode 0x26, cx8, cmov, fxsr, ht, mmx, 3dnowpref, sse, sse2, sse3, ssse3, sse4.1, sse4.2, popcnt, lzcnt, tsc, tscinvbit, avx, avx2, aes, erms, clmul, bmi1, bmi2, adx, avx512f, avx512dq, avx512cd, avx512bw, avx512vl, sha, fma, vzeroupper, avx512_vpopcntdq, avx512_vpclmulqdq, avx512_vaes, avx512_vnni, clflush, clflushopt, clwb, avx512_vbmi2, avx512_vbmi, hv, rdtscp, rdpid, fsrm, gfni, avx512_bitalg, f16c, cet_ibt, cet_ss, avx512_ifma
Processor Information for the first 16 processors :
  Max Mhz: 2304, Current Mhz: 2304, Mhz Limit: 2304

Memory: 4k page, system-wide physical 16085M (6477M free)
TotalPageFile size 28373M (AvailPageFile size 14633M)
current process WorkingSet (physical memory assigned to process): 99M, peak: 99M
current process commit charge ("private bytes"): 404M, peak: 404M

vm_info: Java HotSpot(TM) 64-Bit Server VM (24.0.1+9-30) for windows-amd64 JRE (24.0.1+9-30), built on 2025-03-05T07:23:45Z with MS VC++ 17.6 (VS2022)

END.
